<?xml version="1.0" encoding="UTF-8"?>
<!-- Generated by org.testng.reporters.JUnitReportReporter -->
<testsuite hostname="LAPTOP-ALB1PIQL" failures="0" tests="1" name="Native_app.General_store" time="53.786" errors="0" timestamp="2024-09-18T12:35:19 IST" skipped="0">
  <testcase classname="Native_app.General_store" name="tc" time="53.786"/>
</testsuite> <!-- Native_app.General_store -->
